<?xml version="1.0" encoding="UTF-8"?>
<!-- Generated by org.testng.reporters.JUnitReportReporter -->
<testsuite hostname="BCP-ATLT301286" failures="0" tests="3" name="com.loan.testcases.PropertyLoan" time="0.004" errors="0" timestamp="2022-09-08T12:52:02 IST" skipped="0">
  <testcase classname="com.loan.testcases.PropertyLoan" name="webPagePropertyLoan" time="0.001"/>
  <system-out/>
  <testcase classname="com.loan.testcases.PropertyLoan" name="mobilePagePropertyLoan" time="0.002"/>
  <system-out/>
  <testcase classname="com.loan.testcases.PropertyLoan" name="apiPagePropertyLoan" time="0.001"/>
  <system-out/>
</testsuite> <!-- com.loan.testcases.PropertyLoan -->
