<?xml version="1.0" encoding="UTF-8"?>
<!-- Generated by org.testng.reporters.JUnitReportReporter -->
<testsuite hostname="BCP-ATLT301286" failures="0" tests="2" name="com.loan.testcases.Crossbrowser" time="15.001" errors="0" timestamp="2022-09-08T12:58:10 IST" skipped="0">
  <testcase classname="com.loan.testcases.Crossbrowser" name="verifyPageTitle" time="9.361"/>
  <system-out/>
  <testcase classname="com.loan.testcases.Crossbrowser" name="verifyPageTitle" time="5.640"/>
  <system-out/>
</testsuite> <!-- com.loan.testcases.Crossbrowser -->
