<?xml version="1.0" encoding="UTF-8"?>
<!-- Generated by org.testng.reporters.JUnitReportReporter -->
<testsuite hostname="BCP-ATLT301286" failures="0" tests="4" name="com.loan.testcases.PersonalLoan" time="0.006" errors="0" timestamp="2022-09-08T12:52:02 IST" skipped="0">
  <testcase classname="com.loan.testcases.PersonalLoan" name="webPagePersonalLoan" time="0.002"/>
  <system-out/>
  <testcase classname="com.loan.testcases.PersonalLoan" name="TestC" time="0.001"/>
  <system-out/>
  <testcase classname="com.loan.testcases.PersonalLoan" name="TestA" time="0.001"/>
  <system-out/>
  <testcase classname="com.loan.testcases.PersonalLoan" name="TestB" time="0.002"/>
  <system-out/>
</testsuite> <!-- com.loan.testcases.PersonalLoan -->
