<?xml version="1.0" encoding="UTF-8"?>
<!-- Generated by org.testng.reporters.JUnitReportReporter -->
<testsuite hostname="BCP-ATLT301286" failures="0" tests="3" name="com.loan.testcases.EducationalLoan" time="0.003" errors="0" timestamp="2022-09-08T12:52:02 IST" skipped="1">
  <testcase classname="com.loan.testcases.EducationalLoan" name="mobilePageEducationalLoan" time="0.001"/>
  <system-out/>
  <testcase classname="com.loan.testcases.EducationalLoan" name="apiPageEducationalLoan" time="0.002"/>
  <system-out/>
  <testcase classname="com.loan.testcases.EducationalLoan" name="webPageEducationalLoan">
    <skipped/>
  </testcase> <!-- webPageEducationalLoan -->
  <system-out/>
</testsuite> <!-- com.loan.testcases.EducationalLoan -->
