<?xml version="1.0" encoding="UTF-8"?>
<!-- Generated by org.testng.reporters.JUnitReportReporter -->
<testsuite hostname="BCP-ATLT301286" failures="0" tests="3" name="com.loan.testcases.HomeLoan" time="0.011" errors="0" timestamp="2022-09-08T12:52:02 IST" skipped="0">
  <testcase classname="com.loan.testcases.HomeLoan" name="mobilePageHomeLoan" time="0.001"/>
  <system-out/>
  <testcase classname="com.loan.testcases.HomeLoan" name="webPageHomeLoan" time="0.001"/>
  <system-out/>
  <testcase classname="com.loan.testcases.HomeLoan" name="apiPageHomeLoan" time="0.009"/>
  <system-out/>
</testsuite> <!-- com.loan.testcases.HomeLoan -->
