<?xml version="1.0" encoding="UTF-8"?>
<!-- Generated by org.testng.reporters.JUnitReportReporter -->
<testsuite hostname="BCP-ATLT301286" failures="0" tests="2" name="com.loan.testcases.CarLoan" time="0.006" errors="0" timestamp="2022-09-08T12:52:02 IST" skipped="0">
  <testcase classname="com.loan.testcases.CarLoan" name="apiPageCarLoan" time="0.003"/>
  <system-out/>
  <testcase classname="com.loan.testcases.CarLoan" name="mobilePageCarLoan" time="0.003"/>
  <system-out/>
</testsuite> <!-- com.loan.testcases.CarLoan -->
